[2013-01-09 16:29:19] myapp.INFO: > GET /silex/styles [] []
[2013-01-09 16:29:19] myapp.CRITICAL: PDOException: SQLSTATE[HY000]: General error: 1 no such table: styles (uncaught exception) at /private/var/www/silex/vendor/doctrine/dbal/lib/Doctrine/DBAL/Connection.php line 633 [] []
[2013-01-09 16:29:19] myapp.INFO: < 500 [] []
[2013-01-09 16:47:28] myapp.INFO: > GET /silex/styles [] []
[2013-01-09 16:47:28] myapp.CRITICAL: PDOException: SQLSTATE[HY000]: General error: 1 no such table: styles (uncaught exception) at /private/var/www/silex/vendor/doctrine/dbal/lib/Doctrine/DBAL/Connection.php line 633 [] []
[2013-01-09 16:47:28] myapp.INFO: < 500 [] []
[2013-01-09 16:48:01] myapp.INFO: > GET /silex/styles [] []
[2013-01-09 16:48:01] myapp.CRITICAL: PDOException: SQLSTATE[HY000]: General error: 1 no such table: styles (uncaught exception) at /private/var/www/silex/vendor/doctrine/dbal/lib/Doctrine/DBAL/Connection.php line 633 [] []
[2013-01-09 16:48:01] myapp.INFO: < 500 [] []
[2013-01-09 16:48:32] myapp.INFO: > GET /silex/styles [] []
[2013-01-09 16:48:32] myapp.INFO: < 200 [] []
[2013-01-09 16:48:36] myapp.INFO: > GET /silex/styles [] []
[2013-01-09 16:48:36] myapp.INFO: < 200 [] []
[2013-01-09 16:49:14] myapp.INFO: Testing the Monolog logging. [] []
[2013-01-09 16:49:14] myapp.DEBUG: Methodfoo() wasc alled. [] []
[2013-01-09 16:49:14] myapp.WARNING: Missing parameter "bar". [] []
[2013-01-09 16:49:14] myapp.ERROR: Class Foo does not exist. [] []
[2013-01-09 16:49:14] myapp.INFO: > GET /silex/styles [] []
[2013-01-09 16:49:14] myapp.INFO: < 200 [] []
[2013-01-09 16:49:46] myapp.INFO: Testing the Monolog logging. [] []
[2013-01-09 16:49:46] myapp.DEBUG: Method foo() was called. [] []
[2013-01-09 16:49:46] myapp.WARNING: Missing parameter "bar". [] []
[2013-01-09 16:49:46] myapp.ERROR: Class Foo does not exist. [] []
[2013-01-09 16:49:46] myapp.INFO: > GET /silex/styles [] []
[2013-01-09 16:49:46] myapp.INFO: < 200 [] []
[2013-01-09 16:52:35] myapp.INFO: > GET /silex/styles [] []
[2013-01-09 16:52:35] myapp.INFO: < 200 [] []
[2013-01-09 17:06:43] myapp.INFO: > GET /silex/styles [] []
[2013-01-09 17:06:43] myapp.INFO: < 200 [] []
[2013-01-09 17:07:29] myapp.INFO: > GET /silex/styles [] []
[2013-01-09 17:07:29] myapp.INFO: < 200 [] []
[2013-01-09 17:08:16] myapp.INFO: > GET /silex/styles [] []
[2013-01-09 17:08:16] myapp.INFO: < 200 [] []
[2013-01-09 17:10:00] myapp.INFO: > GET /silex/styles [] []
[2013-01-09 17:10:00] myapp.INFO: < 200 [] []
[2013-01-09 17:10:22] myapp.INFO: > GET /silex/styles [] []
[2013-01-09 17:10:23] myapp.INFO: < 200 [] []
[2013-01-09 17:12:16] myapp.INFO: > GET /silex/styles [] []
[2013-01-09 17:12:16] myapp.INFO: < 200 [] []
[2013-01-09 17:12:17] myapp.INFO: > GET /silex/styles [] []
[2013-01-09 17:12:17] myapp.INFO: < 200 [] []
[2013-01-09 17:13:49] myapp.INFO: > GET /silex/styles [] []
[2013-01-09 17:13:49] myapp.INFO: < 200 [] []
[2013-01-09 17:15:52] myapp.INFO: > GET /silex/styles [] []
[2013-01-09 17:15:52] myapp.INFO: < 200 [] []
[2013-01-09 17:15:53] myapp.INFO: > GET /silex/styles [] []
[2013-01-09 17:15:53] myapp.INFO: < 200 [] []
[2013-01-09 18:31:01] myapp.INFO: > GET /silex/beers [] []
[2013-01-09 18:31:01] myapp.INFO: < 200 [] []
[2013-01-09 18:31:05] myapp.INFO: > GET /silex/styles [] []
[2013-01-09 18:31:05] myapp.CRITICAL: InvalidArgumentException: Identifier "twig" is not defined. (uncaught exception) at /private/var/www/silex/vendor/pimple/pimple/lib/Pimple.php line 78 [] []
[2013-01-09 18:31:05] myapp.INFO: < 500 [] []
[2013-01-09 18:35:37] myapp.INFO: > GET /silex/beers [] []
[2013-01-09 18:35:37] myapp.INFO: < 200 [] []
[2013-01-09 18:40:32] myapp.INFO: > GET /silex/beers [] []
[2013-01-09 18:40:33] myapp.INFO: < 200 [] []
[2013-01-09 18:40:37] myapp.INFO: > GET /silex/styles [] []
[2013-01-09 18:40:37] myapp.INFO: < 200 [] []
[2013-01-09 18:41:09] myapp.INFO: > GET /silex/styles [] []
[2013-01-09 18:41:09] myapp.INFO: < 200 [] []
[2013-01-09 18:41:11] myapp.INFO: > GET /silex/styles [] []
[2013-01-09 18:41:11] myapp.INFO: < 200 [] []
[2013-01-09 18:41:12] myapp.INFO: > GET /silex/styles [] []
[2013-01-09 18:41:12] myapp.INFO: < 200 [] []
[2013-01-09 18:41:17] myapp.INFO: > GET /silex/styles [] []
[2013-01-09 18:41:17] myapp.INFO: < 200 [] []
[2013-01-09 18:41:17] myapp.INFO: > GET /silex/styles [] []
[2013-01-09 18:41:17] myapp.INFO: < 200 [] []
[2013-01-09 18:41:17] myapp.INFO: > GET /silex/styles [] []
[2013-01-09 18:41:17] myapp.INFO: < 200 [] []
[2013-01-09 18:41:28] myapp.INFO: > GET /silex/styles [] []
[2013-01-09 18:41:28] myapp.INFO: < 200 [] []
[2013-01-09 18:41:53] myapp.ERROR: Symfony\Component\HttpKernel\Exception\NotFoundHttpException: No route found for "GET /email" (uncaught exception) at /private/var/www/silex/vendor/symfony/http-kernel/Symfony/Component/HttpKernel/EventListener/RouterListener.php line 94 [] []
[2013-01-09 18:41:53] myapp.INFO: < 404 [] []
[2013-01-09 18:42:18] myapp.INFO: > GET /silex/mail [] []
[2013-01-09 18:42:18] myapp.CRITICAL: InvalidArgumentException: Identifier "mailler" is not defined. (uncaught exception) at /private/var/www/silex/vendor/pimple/pimple/lib/Pimple.php line 78 [] []
[2013-01-09 18:42:18] myapp.INFO: < 500 [] []
[2013-01-09 18:42:25] myapp.INFO: > GET /silex/mail [] []
[2013-01-09 18:42:25] myapp.INFO: < 201 [] []
